[08:48:35] [ServerMain/INFO]: [bootstrap] Running Java 24 (Java HotSpot(TM) 64-Bit Server VM 24.0.1+9-30; Oracle Corporation null) on Windows 11 10.0 (amd64)
[08:48:35] [ServerMain/INFO]: [bootstrap] Loading Purpur 1.21.5-2450-HEAD@61d7f55 (2025-06-17T05:07:48Z) for Minecraft 1.21.5
[08:48:37] [ServerMain/INFO]: [PluginInitializerManager] Initializing plugins...
[08:48:37] [ServerMain/INFO]: [PluginInitializerManager] Initialized 0 plugins
[08:48:50] [ServerMain/INFO]: Environment: Environment[sessionHost=https://sessionserver.mojang.com, servicesHost=https://api.minecraftservices.com, name=PROD]
[08:48:50] [ServerMain/INFO]: Found new data pack file/bukkit, loading it automatically
[08:48:50] [ServerMain/INFO]: Found new data pack paper, loading it automatically
[08:48:52] [ServerMain/INFO]: No existing world data, creating new world
[08:48:55] [ServerMain/INFO]: Loaded 1373 recipes
[08:48:55] [ServerMain/INFO]: Loaded 1484 advancements
[08:48:55] [Server thread/INFO]: Starting minecraft server version 1.21.5
[08:48:55] [Server thread/INFO]: Loading properties
[08:48:55] [Server thread/INFO]: This server is running Purpur version 1.21.5-2450-HEAD@61d7f55 (2025-06-17T05:07:48Z) (Implementing API version 1.21.5-R0.1-SNAPSHOT)
[08:48:55] [Server thread/INFO]: [spark] This server bundles the spark profiler. For more information please visit https://docs.papermc.io/paper/profiling
[08:48:55] [Server thread/INFO]: Using 4 threads for Netty based IO
[08:48:55] [Server thread/INFO]: Server Ping Player Sample Count: 12
[08:48:56] [Server thread/INFO]: [MoonriseCommon] Paper is using 2 worker threads, 1 I/O threads
[08:48:56] [Server thread/INFO]: [ChunkTaskScheduler] Chunk system is using population gen parallelism: true
[08:48:57] [Server thread/INFO]: Default game type: SURVIVAL
[08:48:57] [Server thread/INFO]: Generating keypair
[08:48:57] [Server thread/INFO]: Starting Minecraft server on *:25565
[08:48:57] [Server thread/INFO]: Using default channel type
[08:48:58] [Server thread/INFO]: Paper: Using Java compression from Velocity.
[08:48:58] [Server thread/INFO]: Paper: Using Java cipher from Velocity.
[08:48:58] [Server thread/WARN]: **** SERVER IS RUNNING IN OFFLINE/INSECURE MODE!
[08:48:58] [Server thread/WARN]: The server will make no attempt to authenticate usernames. Beware.
[08:48:58] [Server thread/WARN]: While this makes the game possible to play without internet access, it also opens up the ability for hackers to connect with any username they choose.
[08:48:58] [Server thread/WARN]: To change this, set "online-mode" to "true" in the server.properties file.
[08:48:58] [Server thread/INFO]: Preparing level "world"
[08:49:09] [Server thread/INFO]: Preparing start region for dimension minecraft:overworld
[08:49:09] [Server thread/INFO]: Preparing spawn area: 2%
[08:49:10] [Server thread/INFO]: Preparing spawn area: 2%
[08:49:10] [Server thread/INFO]: Preparing spawn area: 2%
[08:49:11] [Server thread/INFO]: Preparing spawn area: 4%
[08:49:11] [Server thread/INFO]: Preparing spawn area: 14%
[08:49:12] [Server thread/INFO]: Preparing spawn area: 18%
[08:49:12] [Server thread/INFO]: Preparing spawn area: 18%
[08:49:13] [Server thread/INFO]: Preparing spawn area: 38%
[08:49:14] [Server thread/INFO]: Preparing spawn area: 40%
[08:49:14] [Server thread/INFO]: Preparing spawn area: 40%
[08:49:14] [Server thread/INFO]: Preparing spawn area: 51%
[08:49:15] [Server thread/INFO]: Preparing spawn area: 75%
[08:49:15] [Server thread/INFO]: Time elapsed: 5635 ms
[08:49:15] [Server thread/INFO]: Preparing start region for dimension minecraft:the_nether
[08:49:15] [Server thread/INFO]: Preparing spawn area: 4%
[08:49:16] [Server thread/INFO]: Preparing spawn area: 24%
[08:49:16] [Server thread/INFO]: Preparing spawn area: 65%
[08:49:16] [Server thread/INFO]: Time elapsed: 1138 ms
[08:49:16] [Server thread/INFO]: Preparing start region for dimension minecraft:the_end
[08:49:16] [Server thread/INFO]: Preparing spawn area: 2%
[08:49:17] [Server thread/INFO]: Time elapsed: 316 ms
[08:49:17] [Server thread/INFO]: [spark] Starting background profiler...
[08:49:17] [Server thread/INFO]: [spark] The async-profiler engine is not supported for your os/arch (windows11/amd64), so the built-in Java engine will be used instead.
[08:49:17] [Server thread/INFO]: Done preparing level "world" (19.191s)
[08:49:17] [Server thread/INFO]: Running delayed init tasks
[08:49:17] [Server thread/INFO]: Done (45.215s)! For help, type "help"
[08:49:17] [Server thread/INFO]: *************************************************************************************
[08:49:17] [Server thread/INFO]: This is the first time you're starting this server.
[08:49:17] [Server thread/INFO]: It's recommended you read our 'Getting Started' documentation for guidance.
[08:49:17] [Server thread/INFO]: View this and more helpful information here: https://docs.papermc.io/paper/next-steps
[08:49:17] [Server thread/INFO]: *************************************************************************************
[08:51:58] [Server thread/INFO]: Stopping the server
[08:51:58] [Server thread/INFO]: Stopping server
[08:51:58] [Server thread/INFO]: Saving players
[08:51:58] [Server thread/INFO]: Saving worlds
[08:51:58] [Server thread/INFO]: Saving chunks for level 'ServerLevel[world]'/minecraft:overworld
[08:51:58] [Server thread/INFO]: [ChunkHolderManager] Waiting 60s for chunk system to halt for world 'world'
[08:51:58] [Server thread/INFO]: [ChunkHolderManager] Halted chunk system for world 'world'
[08:51:58] [Server thread/INFO]: [ChunkHolderManager] Saving all chunkholders for world 'world'
[08:51:59] [Server thread/INFO]: [ChunkHolderManager] Saved 841 block chunks, 49 entity chunks, 4 poi chunks in world 'world' in 0.76s
[08:51:59] [Server thread/INFO]: [ChunkHolderManager] Waiting 60s for chunk I/O to halt for world 'world'
[08:51:59] [Server thread/INFO]: [ChunkHolderManager] Halted I/O scheduler for world 'world'
[08:51:59] [Server thread/INFO]: Saving chunks for level 'ServerLevel[world_nether]'/minecraft:the_nether
[08:51:59] [Server thread/INFO]: [ChunkHolderManager] Waiting 60s for chunk system to halt for world 'world_nether'
[08:51:59] [Server thread/INFO]: [ChunkHolderManager] Halted chunk system for world 'world_nether'
[08:51:59] [Server thread/INFO]: [ChunkHolderManager] Saving all chunkholders for world 'world_nether'
[08:52:00] [Server thread/INFO]: [ChunkHolderManager] Saved 841 block chunks, 49 entity chunks, 0 poi chunks in world 'world_nether' in 0.34s
[08:52:00] [Server thread/INFO]: [ChunkHolderManager] Waiting 60s for chunk I/O to halt for world 'world_nether'
[08:52:00] [Server thread/INFO]: [ChunkHolderManager] Halted I/O scheduler for world 'world_nether'
[08:52:00] [Server thread/INFO]: Saving chunks for level 'ServerLevel[world_the_end]'/minecraft:the_end
[08:52:00] [Server thread/INFO]: [ChunkHolderManager] Waiting 60s for chunk system to halt for world 'world_the_end'
[08:52:00] [Server thread/INFO]: [ChunkHolderManager] Halted chunk system for world 'world_the_end'
[08:52:00] [Server thread/INFO]: [ChunkHolderManager] Saving all chunkholders for world 'world_the_end'
[08:52:00] [Server thread/INFO]: [ChunkHolderManager] Saved 841 block chunks, 49 entity chunks, 0 poi chunks in world 'world_the_end' in 0.32s
[08:52:00] [Server thread/INFO]: [ChunkHolderManager] Waiting 60s for chunk I/O to halt for world 'world_the_end'
[08:52:00] [Server thread/INFO]: [ChunkHolderManager] Halted I/O scheduler for world 'world_the_end'
[08:52:00] [Server thread/INFO]: ThreadedAnvilChunkStorage (world): All chunks are saved
[08:52:00] [Server thread/INFO]: ThreadedAnvilChunkStorage (DIM-1): All chunks are saved
[08:52:00] [Server thread/INFO]: ThreadedAnvilChunkStorage (DIM1): All chunks are saved
[08:52:00] [Server thread/INFO]: ThreadedAnvilChunkStorage: All dimensions are saved
[08:52:00] [Server thread/INFO]: Waiting for all RegionFile I/O tasks to complete...
[08:52:00] [Server thread/INFO]: All RegionFile I/O tasks to complete
[08:52:00] [Server thread/INFO]: [MoonriseCommon] Awaiting termination of worker pool for up to 60s...
[08:52:00] [Server thread/INFO]: [MoonriseCommon] Awaiting termination of I/O pool for up to 60s...
